<?xml version="1.0" encoding="UTF-8"?>
<testng-results skipped="0" failed="0" ignored="0" total="1" passed="1">
  <reporter-output>
  </reporter-output>
  <suite name="Default suite" duration-ms="5462" started-at="2018-12-18T11:08:03Z" finished-at="2018-12-18T11:08:08Z">
    <groups>
    </groups>
    <test name="Default test" duration-ms="5462" started-at="2018-12-18T11:08:03Z" finished-at="2018-12-18T11:08:08Z">
      <class name="com.qa.apitest.GetapiBDDframeworkTest">
        <test-method status="PASS" signature="pagedata()[pri:0, instance:com.qa.apitest.GetapiBDDframeworkTest@457e2f02]" name="pagedata" duration-ms="5416" started-at="2018-12-18T11:08:03Z" finished-at="2018-12-18T11:08:08Z">
          <reporter-output>
          </reporter-output>
        </test-method> <!-- pagedata -->
      </class> <!-- com.qa.apitest.GetapiBDDframeworkTest -->
    </test> <!-- Default test -->
  </suite> <!-- Default suite -->
</testng-results>
